[debug] [2023-07-03T22:59:52.463Z] ----------------------------------------------------------------------
[debug] [2023-07-03T22:59:52.465Z] Command:       C:\Program Files\nodejs\node.exe C:\Users\jivem\AppData\Roaming\npm\node_modules\firebase-tools\lib\bin\firebase.js init hosting
[debug] [2023-07-03T22:59:52.466Z] CLI Version:   12.4.2
[debug] [2023-07-03T22:59:52.466Z] Platform:      win32
[debug] [2023-07-03T22:59:52.466Z] Node Version:  v20.2.0
[debug] [2023-07-03T22:59:52.466Z] Time:          Mon Jul 03 2023 18:59:52 GMT-0400 (Eastern Daylight Time)
[debug] [2023-07-03T22:59:52.466Z] ----------------------------------------------------------------------
[debug] 
[debug] [2023-07-03T22:59:52.471Z] > command requires scopes: ["email","openid","https://www.googleapis.com/auth/cloudplatformprojects.readonly","https://www.googleapis.com/auth/firebase","https://www.googleapis.com/auth/cloud-platform"]
[debug] [2023-07-03T22:59:52.472Z] > authorizing via signed-in user (jivemasta@gmail.com)
[info] 
     ######## #### ########  ######## ########     ###     ######  ########
     ##        ##  ##     ## ##       ##     ##  ##   ##  ##       ##
     ######    ##  ########  ######   ########  #########  ######  ######
     ##        ##  ##    ##  ##       ##     ## ##     ##       ## ##
     ##       #### ##     ## ######## ########  ##     ##  ######  ########

You're about to initialize a Firebase project in this directory:

  C:\Users\jivem\Documents\code\fkit-news

[info] 
=== Project Setup
[info] 
[info] First, let's associate this project directory with a Firebase project.
[info] You can create multiple project aliases by running firebase use --add, 
[info] but for now we'll just set up a default project.
[info] 
[debug] [2023-07-03T22:59:56.675Z] >>> [apiv2][query] GET https://firebase.googleapis.com/v1beta1/projects pageSize=100
[debug] [2023-07-03T22:59:57.042Z] <<< [apiv2][status] GET https://firebase.googleapis.com/v1beta1/projects 200
[debug] [2023-07-03T22:59:57.042Z] <<< [apiv2][body] GET https://firebase.googleapis.com/v1beta1/projects [omitted]
[info] i  Using project fkit-news (fkit-news) 
[info] 
=== Hosting Setup
[info] 
[info] i  Didn't detect a .git folder. Assuming C:\Users\jivem\Documents\code\fkit-news is the project root. 
[info] i  Authorizing with GitHub to upload your service account to a GitHub repository's secrets store. 
[info] 
[info] Visit this URL on this device to log in:
[info] https://github.com/login/oauth/authorize?client_id=89cf50f02ac6aaed3484&state=63713719&redirect_uri=http%3A%2F%2Flocalhost%3A9005&scope=read%3Auser%20repo%20public_repo
[info] 
[info] Waiting for authentication...
[debug] [2023-07-03T23:00:36.959Z] >>> [apiv2][query] POST https://github.com/login/oauth/access_token [none]
[debug] [2023-07-03T23:00:36.959Z] >>> [apiv2][body] POST https://github.com/login/oauth/access_token [stream]
[debug] [2023-07-03T23:00:37.184Z] <<< [apiv2][status] POST https://github.com/login/oauth/access_token 200
[debug] [2023-07-03T23:00:37.184Z] <<< [apiv2][body] POST https://github.com/login/oauth/access_token {"access_token":"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","token_type":"bearer","scope":"read:user,repo"}
[debug] [2023-07-03T23:00:37.189Z] >>> [apiv2][query] GET https://api.github.com/user [none]
[debug] [2023-07-03T23:00:37.414Z] <<< [apiv2][status] GET https://api.github.com/user 200
[debug] [2023-07-03T23:00:37.414Z] <<< [apiv2][body] GET https://api.github.com/user {"login":"jivemasta","id":3186981,"node_id":"MDQ6VXNlcjMxODY5ODE=","avatar_url":"https://avatars.githubusercontent.com/u/3186981?v=4","gravatar_id":"","url":"https://api.github.com/users/jivemasta","html_url":"https://github.com/jivemasta","followers_url":"https://api.github.com/users/jivemasta/followers","following_url":"https://api.github.com/users/jivemasta/following{/other_user}","gists_url":"https://api.github.com/users/jivemasta/gists{/gist_id}","starred_url":"https://api.github.com/users/jivemasta/starred{/owner}{/repo}","subscriptions_url":"https://api.github.com/users/jivemasta/subscriptions","organizations_url":"https://api.github.com/users/jivemasta/orgs","repos_url":"https://api.github.com/users/jivemasta/repos","events_url":"https://api.github.com/users/jivemasta/events{/privacy}","received_events_url":"https://api.github.com/users/jivemasta/received_events","type":"User","site_admin":false,"name":"TJ Heldman","company":null,"blog":"http://www.jivemasta.com","location":null,"email":"jivemasta@gmail.com","hireable":null,"bio":null,"twitter_username":null,"public_repos":5,"public_gists":0,"followers":0,"following":0,"created_at":"2013-01-04T16:36:11Z","updated_at":"2023-04-30T14:54:36Z","private_gists":0,"total_private_repos":3,"owned_private_repos":3,"disk_usage":590,"collaborators":0,"two_factor_authentication":false,"plan":{"name":"free","space":976562499,"collaborators":0,"private_repos":10000}}
[info] 
[info] +  Success! Logged into GitHub as jivemasta 
[info] 
[debug] [2023-07-03T23:00:55.240Z] >>> [apiv2][query] GET https://api.github.com/repos//actions/secrets/public-key type=owner
[debug] [2023-07-03T23:00:55.384Z] <<< [apiv2][status] GET https://api.github.com/repos//actions/secrets/public-key 404
[debug] [2023-07-03T23:00:55.384Z] <<< [apiv2][body] GET https://api.github.com/repos//actions/secrets/public-key {"message":"Not Found","documentation_url":"https://docs.github.com/rest"}
[info] 
[info] 
[error] !  The provided authorization cannot be used with this repository. If this repository is in an organization, did you remember to grant access? 
[info] 
[info] i  Action required: Visit this URL to ensure access has been granted to the appropriate organization(s) for the Firebase CLI GitHub OAuth App: 
[info] https://github.com/settings/connections/applications/89cf50f02ac6aaed3484
[info] 
